#
# There is insufficient memory for the Java Runtime Environment to continue.
# Native memory allocation (malloc) failed to allocate 1914448 bytes. Error detail: Chunk::new
# Possible reasons:
#   The system is out of physical RAM or swap space
#   This process is running with CompressedOops enabled, and the Java Heap may be blocking the growth of the native heap
# Possible solutions:
#   Reduce memory load on the system
#   Increase physical memory or swap space
#   Check if swap backing store is full
#   Decrease Java heap size (-Xmx/-Xms)
#   Decrease number of Java threads
#   Decrease Java thread stack sizes (-Xss)
#   Set larger code cache with -XX:ReservedCodeCacheSize=
#   JVM is running with Zero Based Compressed Oops mode in which the Java heap is
#     placed in the first 32GB address space. The Java Heap base address is the
#     maximum limit for the native heap growth. Please use -XX:HeapBaseMinAddress
#     to set the Java Heap base and to place the Java Heap above 32GB virtual address.
# This output file may be truncated or incomplete.
#
#  Out of Memory Error (arena.cpp:162), pid=34444, tid=36892
#
# JRE version: Java(TM) SE Runtime Environment (24.0.2+12) (build 24.0.2+12-54)
# Java VM: Java HotSpot(TM) 64-Bit Server VM (24.0.2+12-54, mixed mode, sharing, tiered, compressed oops, compressed class ptrs, g1 gc, windows-amd64)
# No core dump will be written. Minidumps are not enabled by default on client versions of Windows
#

---------------  S U M M A R Y ------------

Command Line: -javaagent:C:\Program Files\JetBrains\IntelliJ IDEA 2025.2.2\lib\idea_rt.jar=62237 -Dfile.encoding=UTF-8 -Dsun.stdout.encoding=UTF-8 -Dsun.stderr.encoding=UTF-8 com.gabrielbl.healthaplication.HealthApplication

Host: 12th Gen Intel(R) Core(TM) i7-12700H, 20 cores, 15G,  Windows 11 , 64 bit Build 26100 (10.0.26100.8246)
Time: Thu May 21 16:07:05 2026 Hora oficial do Brasil elapsed time: 2.491432 seconds (0d 0h 0m 2s)

---------------  T H R E A D  ---------------

Current thread (0x000001a25d507500):  JavaThread "C2 CompilerThread0" daemon [_thread_in_native, id=36892, stack(0x0000004256500000,0x0000004256600000) (1024K)]


Current CompileTask:
C2:2491  800       4       java.util.jar.JarFile::getEntry (35 bytes)

Stack: [0x0000004256500000,0x0000004256600000]
Native frames: (J=compiled Java code, j=interpreted, Vv=VM code, C=native code)
V  [jvm.dll+0x730829]  (no source info available)
V  [jvm.dll+0x8d9da3]  (no source info available)
V  [jvm.dll+0x8dc28d]  (no source info available)
V  [jvm.dll+0x8dc903]  (no source info available)
V  [jvm.dll+0x2a9f56]  (no source info available)
V  [jvm.dll+0xced7f]  (no source info available)
V  [jvm.dll+0xcefdf]  (no source info available)
V  [jvm.dll+0x154c83]  (no source info available)
V  [jvm.dll+0x73604f]  (no source info available)
V  [jvm.dll+0x26f8dc]  (no source info available)
V  [jvm.dll+0x26e8ff]  (no source info available)
V  [jvm.dll+0x1e9c90]  (no source info available)
V  [jvm.dll+0x27e0cb]  (no source info available)
V  [jvm.dll+0x27c36a]  (no source info available)
V  [jvm.dll+0x42f396]  (no source info available)
V  [jvm.dll+0x87d9eb]  (no source info available)
V  [jvm.dll+0x72ef45]  (no source info available)
C  [ucrtbase.dll+0x37b0]  (no source info available)
C  [KERNEL32.DLL+0x2e8d7]  (no source info available)
C  [ntdll.dll+0x8c3fc]  (no source info available)

Lock stack of current Java thread (top to bottom):


---------------  P R O C E S S  ---------------

Threads class SMR info:
_java_thread_list=0x000001a2a3309450, length=15, elements={
0x000001a23cf1cb30, 0x000001a25d4f43e0, 0x000001a25d4f4b20, 0x000001a25d4f5870,
0x000001a25d4f8130, 0x000001a25d4fdeb0, 0x000001a25d506600, 0x000001a25d507500,
0x000001a25d50d570, 0x000001a25d5d4cb0, 0x000001a25d621b40, 0x000001a25d7b8ad0,
0x000001a2a30c5d50, 0x000001a2a30c6490, 0x000001a2a34435a0
}

Java Threads: ( => current thread )
  0x000001a23cf1cb30 JavaThread "main"                              [_thread_in_vm, id=22752, stack(0x0000004255700000,0x0000004255800000) (1024K)]
  0x000001a25d4f43e0 JavaThread "Reference Handler"          daemon [_thread_blocked, id=11228, stack(0x0000004255f00000,0x0000004256000000) (1024K)]
  0x000001a25d4f4b20 JavaThread "Finalizer"                  daemon [_thread_blocked, id=14780, stack(0x0000004256000000,0x0000004256100000) (1024K)]
  0x000001a25d4f5870 JavaThread "Signal Dispatcher"          daemon [_thread_blocked, id=34672, stack(0x0000004256100000,0x0000004256200000) (1024K)]
  0x000001a25d4f8130 JavaThread "Attach Listener"            daemon [_thread_blocked, id=28724, stack(0x0000004256200000,0x0000004256300000) (1024K)]
  0x000001a25d4fdeb0 JavaThread "Service Thread"             daemon [_thread_blocked, id=37256, stack(0x0000004256300000,0x0000004256400000) (1024K)]
  0x000001a25d506600 JavaThread "Monitor Deflation Thread"   daemon [_thread_blocked, id=31244, stack(0x0000004256400000,0x0000004256500000) (1024K)]
=>0x000001a25d507500 JavaThread "C2 CompilerThread0"         daemon [_thread_in_native, id=36892, stack(0x0000004256500000,0x0000004256600000) (1024K)]
  0x000001a25d50d570 JavaThread "C1 CompilerThread0"         daemon [_thread_blocked, id=31680, stack(0x0000004256600000,0x0000004256700000) (1024K)]
  0x000001a25d5d4cb0 JavaThread "C1 CompilerThread1"         daemon [_thread_in_native, id=34552, stack(0x0000004256700000,0x0000004256800000) (1024K)]
  0x000001a25d621b40 JavaThread "C1 CompilerThread2"         daemon [_thread_blocked, id=36896, stack(0x0000004256800000,0x0000004256900000) (1024K)]
  0x000001a25d7b8ad0 JavaThread "Common-Cleaner"             daemon [_thread_blocked, id=38464, stack(0x0000004256b00000,0x0000004256c00000) (1024K)]
  0x000001a2a30c5d50 JavaThread "Monitor Ctrl-Break"         daemon [_thread_in_native, id=38156, stack(0x0000004256a00000,0x0000004256b00000) (1024K)]
  0x000001a2a30c6490 JavaThread "Notification Thread"        daemon [_thread_blocked, id=31512, stack(0x0000004256c00000,0x0000004256d00000) (1024K)]
  0x000001a2a34435a0 JavaThread "C2 CompilerThread1"         daemon [_thread_in_native, id=12580, stack(0x0000004256d00000,0x0000004256e00000) (1024K)]
Total: 15

Other Threads:
  0x000001a25d4e5200 VMThread "VM Thread"                           [id=39156, stack(0x0000004255e00000,0x0000004255f00000) (1024K)]
  0x000001a25cc58930 WatcherThread "VM Periodic Task Thread"        [id=16364, stack(0x0000004255d00000,0x0000004255e00000) (1024K)]
  0x000001a23cf85760 WorkerThread "GC Thread#0"                     [id=38228, stack(0x0000004255800000,0x0000004255900000) (1024K)]
  0x000001a23cf9a380 ConcurrentGCThread "G1 Main Marker"            [id=30464, stack(0x0000004255900000,0x0000004255a00000) (1024K)]
  0x000001a23cf9ca30 WorkerThread "G1 Conc#0"                       [id=32772, stack(0x0000004255a00000,0x0000004255b00000) (1024K)]
  0x000001a25cb0fbb0 ConcurrentGCThread "G1 Refine#0"               [id=30152, stack(0x0000004255b00000,0x0000004255c00000) (1024K)]
  0x000001a25cb0fff0 ConcurrentGCThread "G1 Service"                [id=30852, stack(0x0000004255c00000,0x0000004255d00000) (1024K)]
Total: 7

Threads with active compile tasks:
C2 CompilerThread0  2565  800       4       java.util.jar.JarFile::getEntry (35 bytes)
C1 CompilerThread0  2565  934       3       java.io.File::<init> (111 bytes)
C1 CompilerThread1  2565  930       3       java.net.URLStreamHandler::parseURL (1124 bytes)
C2 CompilerThread1  2565  891   !   4       java.util.jar.JarFile::checkForSpecialAttributes (163 bytes)
Total: 4

VM state: not at safepoint (normal execution)

VM Mutex/Monitor currently owned by a thread: None

Heap address: 0x0000000704e00000, size: 4018 MB, Compressed Oops mode: Zero based, Oop shift amount: 3

CDS archive(s) mapped at: [0x000001a25e000000-0x000001a25ed40000-0x000001a25ed40000), size 13893632, SharedBaseAddress: 0x000001a25e000000, ArchiveRelocationMode: 1.
Compressed class space mapped at: 0x000001a25f000000-0x000001a29f000000, reserved size: 1073741824
UseCompressedClassPointers 1, UseCompactObjectHeaders 0
Narrow klass pointer bits 32, Max shift 3
Narrow klass base: 0x000001a25e000000, Narrow klass shift: 0
Encoding Range: [0x000001a25e000000 - 0x000001a35e000000), (4294967296 bytes)
Klass Range:    [0x000001a25e000000 - 0x000001a29f000000), (1090519040 bytes)
Klass ID Range:  [8 - 1090519033) (1090519025)

GC Precious Log:
 CardTable entry size: 512
 Card Set container configuration: InlinePtr #cards 4 size 8 Array Of Cards #cards 16 size 48 Howl #buckets 8 coarsen threshold 3686 Howl Bitmap #cards 512 size 80 coarsen threshold 460 Card regions per heap region 1 cards per card region 4096
 CPUs: 20 total, 20 available
 Memory: 16068M
 Large Page Support: Disabled
 NUMA Support: Disabled
 Compressed Oops: Enabled (Zero based)
 Heap Region Size: 2M
 Heap Min Capacity: 8M
 Heap Initial Capacity: 252M
 Heap Max Capacity: 4018M
 Pre-touch: Disabled
 Parallel Workers: 15
 Concurrent Workers: 4
 Concurrent Refinement Workers: 15
 Periodic GC: Disabled

Heap:
 garbage-first heap   total reserved 4114432K, committed 260096K, used 15476K [0x0000000704e00000, 0x0000000800000000)
  region size 2048K, 9 young (18432K), 0 survivors (0K)
 Metaspace       used 2928K, committed 3136K, reserved 1114112K
  class space    used 217K, committed 320K, reserved 1048576K

Heap Regions: E=young(eden), S=young(survivor), O=old, HS=humongous(starts), HC=humongous(continues), CS=collection set, F=free, TAMS=top-at-mark-start, PB=parsable bottom
|   0|0x0000000704e00000, 0x0000000704e00000, 0x0000000705000000|  0%| F|  |TAMS 0x0000000704e00000| PB 0x0000000704e00000| Untracked |  0
|   1|0x0000000705000000, 0x0000000705000000, 0x0000000705200000|  0%| F|  |TAMS 0x0000000705000000| PB 0x0000000705000000| Untracked |  0
|   2|0x0000000705200000, 0x0000000705200000, 0x0000000705400000|  0%| F|  |TAMS 0x0000000705200000| PB 0x0000000705200000| Untracked |  0
|   3|0x0000000705400000, 0x0000000705400000, 0x0000000705600000|  0%| F|  |TAMS 0x0000000705400000| PB 0x0000000705400000| Untracked |  0
|   4|0x0000000705600000, 0x0000000705600000, 0x0000000705800000|  0%| F|  |TAMS 0x0000000705600000| PB 0x0000000705600000| Untracked |  0
|   5|0x0000000705800000, 0x0000000705800000, 0x0000000705a00000|  0%| F|  |TAMS 0x0000000705800000| PB 0x0000000705800000| Untracked |  0
|   6|0x0000000705a00000, 0x0000000705a00000, 0x0000000705c00000|  0%| F|  |TAMS 0x0000000705a00000| PB 0x0000000705a00000| Untracked |  0
|   7|0x0000000705c00000, 0x0000000705c00000, 0x0000000705e00000|  0%| F|  |TAMS 0x0000000705c00000| PB 0x0000000705c00000| Untracked |  0
|   8|0x0000000705e00000, 0x0000000705e00000, 0x0000000706000000|  0%| F|  |TAMS 0x0000000705e00000| PB 0x0000000705e00000| Untracked |  0
|   9|0x0000000706000000, 0x0000000706000000, 0x0000000706200000|  0%| F|  |TAMS 0x0000000706000000| PB 0x0000000706000000| Untracked |  0
|  10|0x0000000706200000, 0x0000000706200000, 0x0000000706400000|  0%| F|  |TAMS 0x0000000706200000| PB 0x0000000706200000| Untracked |  0
|  11|0x0000000706400000, 0x0000000706400000, 0x0000000706600000|  0%| F|  |TAMS 0x0000000706400000| PB 0x0000000706400000| Untracked |  0
|  12|0x0000000706600000, 0x0000000706600000, 0x0000000706800000|  0%| F|  |TAMS 0x0000000706600000| PB 0x0000000706600000| Untracked |  0
|  13|0x0000000706800000, 0x0000000706800000, 0x0000000706a00000|  0%| F|  |TAMS 0x0000000706800000| PB 0x0000000706800000| Untracked |  0
|  14|0x0000000706a00000, 0x0000000706a00000, 0x0000000706c00000|  0%| F|  |TAMS 0x0000000706a00000| PB 0x0000000706a00000| Untracked |  0
|  15|0x0000000706c00000, 0x0000000706c00000, 0x0000000706e00000|  0%| F|  |TAMS 0x0000000706c00000| PB 0x0000000706c00000| Untracked |  0
|  16|0x0000000706e00000, 0x0000000706e00000, 0x0000000707000000|  0%| F|  |TAMS 0x0000000706e00000| PB 0x0000000706e00000| Untracked |  0
|  17|0x0000000707000000, 0x0000000707000000, 0x0000000707200000|  0%| F|  |TAMS 0x0000000707000000| PB 0x0000000707000000| Untracked |  0
|  18|0x0000000707200000, 0x0000000707200000, 0x0000000707400000|  0%| F|  |TAMS 0x0000000707200000| PB 0x0000000707200000| Untracked |  0
|  19|0x0000000707400000, 0x0000000707400000, 0x0000000707600000|  0%| F|  |TAMS 0x0000000707400000| PB 0x0000000707400000| Untracked |  0
|  20|0x0000000707600000, 0x0000000707600000, 0x0000000707800000|  0%| F|  |TAMS 0x0000000707600000| PB 0x0000000707600000| Untracked |  0
|  21|0x0000000707800000, 0x0000000707800000, 0x0000000707a00000|  0%| F|  |TAMS 0x0000000707800000| PB 0x0000000707800000| Untracked |  0
|  22|0x0000000707a00000, 0x0000000707a00000, 0x0000000707c00000|  0%| F|  |TAMS 0x0000000707a00000| PB 0x0000000707a00000| Untracked |  0
|  23|0x0000000707c00000, 0x0000000707c00000, 0x0000000707e00000|  0%| F|  |TAMS 0x0000000707c00000| PB 0x0000000707c00000| Untracked |  0
|  24|0x0000000707e00000, 0x0000000707e00000, 0x0000000708000000|  0%| F|  |TAMS 0x0000000707e00000| PB 0x0000000707e00000| Untracked |  0
|  25|0x0000000708000000, 0x0000000708000000, 0x0000000708200000|  0%| F|  |TAMS 0x0000000708000000| PB 0x0000000708000000| Untracked |  0
|  26|0x0000000708200000, 0x0000000708200000, 0x0000000708400000|  0%| F|  |TAMS 0x0000000708200000| PB 0x0000000708200000| Untracked |  0
|  27|0x0000000708400000, 0x0000000708400000, 0x0000000708600000|  0%| F|  |TAMS 0x0000000708400000| PB 0x0000000708400000| Untracked |  0
|  28|0x0000000708600000, 0x0000000708600000, 0x0000000708800000|  0%| F|  |TAMS 0x0000000708600000| PB 0x0000000708600000| Untracked |  0
|  29|0x0000000708800000, 0x0000000708800000, 0x0000000708a00000|  0%| F|  |TAMS 0x0000000708800000| PB 0x0000000708800000| Untracked |  0
|  30|0x0000000708a00000, 0x0000000708a00000, 0x0000000708c00000|  0%| F|  |TAMS 0x0000000708a00000| PB 0x0000000708a00000| Untracked |  0
|  31|0x0000000708c00000, 0x0000000708c00000, 0x0000000708e00000|  0%| F|  |TAMS 0x0000000708c00000| PB 0x0000000708c00000| Untracked |  0
|  32|0x0000000708e00000, 0x0000000708e00000, 0x0000000709000000|  0%| F|  |TAMS 0x0000000708e00000| PB 0x0000000708e00000| Untracked |  0
|  33|0x0000000709000000, 0x0000000709000000, 0x0000000709200000|  0%| F|  |TAMS 0x0000000709000000| PB 0x0000000709000000| Untracked |  0
|  34|0x0000000709200000, 0x0000000709200000, 0x0000000709400000|  0%| F|  |TAMS 0x0000000709200000| PB 0x0000000709200000| Untracked |  0
|  35|0x0000000709400000, 0x0000000709400000, 0x0000000709600000|  0%| F|  |TAMS 0x0000000709400000| PB 0x0000000709400000| Untracked |  0
|  36|0x0000000709600000, 0x0000000709600000, 0x0000000709800000|  0%| F|  |TAMS 0x0000000709600000| PB 0x0000000709600000| Untracked |  0
|  37|0x0000000709800000, 0x0000000709800000, 0x0000000709a00000|  0%| F|  |TAMS 0x0000000709800000| PB 0x0000000709800000| Untracked |  0
|  38|0x0000000709a00000, 0x0000000709a00000, 0x0000000709c00000|  0%| F|  |TAMS 0x0000000709a00000| PB 0x0000000709a00000| Untracked |  0
|  39|0x0000000709c00000, 0x0000000709c00000, 0x0000000709e00000|  0%| F|  |TAMS 0x0000000709c00000| PB 0x0000000709c00000| Untracked |  0
|  40|0x0000000709e00000, 0x0000000709e00000, 0x000000070a000000|  0%| F|  |TAMS 0x0000000709e00000| PB 0x0000000709e00000| Untracked |  0
|  41|0x000000070a000000, 0x000000070a000000, 0x000000070a200000|  0%| F|  |TAMS 0x000000070a000000| PB 0x000000070a000000| Untracked |  0
|  42|0x000000070a200000, 0x000000070a200000, 0x000000070a400000|  0%| F|  |TAMS 0x000000070a200000| PB 0x000000070a200000| Untracked |  0
|  43|0x000000070a400000, 0x000000070a400000, 0x000000070a600000|  0%| F|  |TAMS 0x000000070a400000| PB 0x000000070a400000| Untracked |  0
|  44|0x000000070a600000, 0x000000070a600000, 0x000000070a800000|  0%| F|  |TAMS 0x000000070a600000| PB 0x000000070a600000| Untracked |  0
|  45|0x000000070a800000, 0x000000070a800000, 0x000000070aa00000|  0%| F|  |TAMS 0x000000070a800000| PB 0x000000070a800000| Untracked |  0
|  46|0x000000070aa00000, 0x000000070aa00000, 0x000000070ac00000|  0%| F|  |TAMS 0x000000070aa00000| PB 0x000000070aa00000| Untracked |  0
|  47|0x000000070ac00000, 0x000000070ac00000, 0x000000070ae00000|  0%| F|  |TAMS 0x000000070ac00000| PB 0x000000070ac00000| Untracked |  0
|  48|0x000000070ae00000, 0x000000070ae00000, 0x000000070b000000|  0%| F|  |TAMS 0x000000070ae00000| PB 0x000000070ae00000| Untracked |  0
|  49|0x000000070b000000, 0x000000070b000000, 0x000000070b200000|  0%| F|  |TAMS 0x000000070b000000| PB 0x000000070b000000| Untracked |  0
|  50|0x000000070b200000, 0x000000070b200000, 0x000000070b400000|  0%| F|  |TAMS 0x000000070b200000| PB 0x000000070b200000| Untracked |  0
|  51|0x000000070b400000, 0x000000070b400000, 0x000000070b600000|  0%| F|  |TAMS 0x000000070b400000| PB 0x000000070b400000| Untracked |  0
|  52|0x000000070b600000, 0x000000070b600000, 0x000000070b800000|  0%| F|  |TAMS 0x000000070b600000| PB 0x000000070b600000| Untracked |  0
|  53|0x000000070b800000, 0x000000070b800000, 0x000000070ba00000|  0%| F|  |TAMS 0x000000070b800000| PB 0x000000070b800000| Untracked |  0
|  54|0x000000070ba00000, 0x000000070ba00000, 0x000000070bc00000|  0%| F|  |TAMS 0x000000070ba00000| PB 0x000000070ba00000| Untracked |  0
|  55|0x000000070bc00000, 0x000000070bc00000, 0x000000070be00000|  0%| F|  |TAMS 0x000000070bc00000| PB 0x000000070bc00000| Untracked |  0
|  56|0x000000070be00000, 0x000000070be00000, 0x000000070c000000|  0%| F|  |TAMS 0x000000070be00000| PB 0x000000070be00000| Untracked |  0
|  57|0x000000070c000000, 0x000000070c000000, 0x000000070c200000|  0%| F|  |TAMS 0x000000070c000000| PB 0x000000070c000000| Untracked |  0
|  58|0x000000070c200000, 0x000000070c200000, 0x000000070c400000|  0%| F|  |TAMS 0x000000070c200000| PB 0x000000070c200000| Untracked |  0
|  59|0x000000070c400000, 0x000000070c400000, 0x000000070c600000|  0%| F|  |TAMS 0x000000070c400000| PB 0x000000070c400000| Untracked |  0
|  60|0x000000070c600000, 0x000000070c600000, 0x000000070c800000|  0%| F|  |TAMS 0x000000070c600000| PB 0x000000070c600000| Untracked |  0
|  61|0x000000070c800000, 0x000000070c800000, 0x000000070ca00000|  0%| F|  |TAMS 0x000000070c800000| PB 0x000000070c800000| Untracked |  0
|  62|0x000000070ca00000, 0x000000070ca00000, 0x000000070cc00000|  0%| F|  |TAMS 0x000000070ca00000| PB 0x000000070ca00000| Untracked |  0
|  63|0x000000070cc00000, 0x000000070cc00000, 0x000000070ce00000|  0%| F|  |TAMS 0x000000070cc00000| PB 0x000000070cc00000| Untracked |  0
|  64|0x000000070ce00000, 0x000000070ce00000, 0x000000070d000000|  0%| F|  |TAMS 0x000000070ce00000| PB 0x000000070ce00000| Untracked |  0
|  65|0x000000070d000000, 0x000000070d000000, 0x000000070d200000|  0%| F|  |TAMS 0x000000070d000000| PB 0x000000070d000000| Untracked |  0
|  66|0x000000070d200000, 0x000000070d200000, 0x000000070d400000|  0%| F|  |TAMS 0x000000070d200000| PB 0x000000070d200000| Untracked |  0
|  67|0x000000070d400000, 0x000000070d400000, 0x000000070d600000|  0%| F|  |TAMS 0x000000070d400000| PB 0x000000070d400000| Untracked |  0
|  68|0x000000070d600000, 0x000000070d600000, 0x000000070d800000|  0%| F|  |TAMS 0x000000070d600000| PB 0x000000070d600000| Untracked |  0
|  69|0x000000070d800000, 0x000000070d800000, 0x000000070da00000|  0%| F|  |TAMS 0x000000070d800000| PB 0x000000070d800000| Untracked |  0
|  70|0x000000070da00000, 0x000000070da00000, 0x000000070dc00000|  0%| F|  |TAMS 0x000000070da00000| PB 0x000000070da00000| Untracked |  0
|  71|0x000000070dc00000, 0x000000070dc00000, 0x000000070de00000|  0%| F|  |TAMS 0x000000070dc00000| PB 0x000000070dc00000| Untracked |  0
|  72|0x000000070de00000, 0x000000070de00000, 0x000000070e000000|  0%| F|  |TAMS 0x000000070de00000| PB 0x000000070de00000| Untracked |  0
|  73|0x000000070e000000, 0x000000070e000000, 0x000000070e200000|  0%| F|  |TAMS 0x000000070e000000| PB 0x000000070e000000| Untracked |  0
|  74|0x000000070e200000, 0x000000070e200000, 0x000000070e400000|  0%| F|  |TAMS 0x000000070e200000| PB 0x000000070e200000| Untracked |  0
|  75|0x000000070e400000, 0x000000070e400000, 0x000000070e600000|  0%| F|  |TAMS 0x000000070e400000| PB 0x000000070e400000| Untracked |  0
|  76|0x000000070e600000, 0x000000070e600000, 0x000000070e800000|  0%| F|  |TAMS 0x000000070e600000| PB 0x000000070e600000| Untracked |  0
|  77|0x000000070e800000, 0x000000070e800000, 0x000000070ea00000|  0%| F|  |TAMS 0x000000070e800000| PB 0x000000070e800000| Untracked |  0
|  78|0x000000070ea00000, 0x000000070ea00000, 0x000000070ec00000|  0%| F|  |TAMS 0x000000070ea00000| PB 0x000000070ea00000| Untracked |  0
|  79|0x000000070ec00000, 0x000000070ec00000, 0x000000070ee00000|  0%| F|  |TAMS 0x000000070ec00000| PB 0x000000070ec00000| Untracked |  0
|  80|0x000000070ee00000, 0x000000070ee00000, 0x000000070f000000|  0%| F|  |TAMS 0x000000070ee00000| PB 0x000000070ee00000| Untracked |  0
|  81|0x000000070f000000, 0x000000070f000000, 0x000000070f200000|  0%| F|  |TAMS 0x000000070f000000| PB 0x000000070f000000| Untracked |  0
|  82|0x000000070f200000, 0x000000070f200000, 0x000000070f400000|  0%| F|  |TAMS 0x000000070f200000| PB 0x000000070f200000| Untracked |  0
|  83|0x000000070f400000, 0x000000070f400000, 0x000000070f600000|  0%| F|  |TAMS 0x000000070f400000| PB 0x000000070f400000| Untracked |  0
|  84|0x000000070f600000, 0x000000070f600000, 0x000000070f800000|  0%| F|  |TAMS 0x000000070f600000| PB 0x000000070f600000| Untracked |  0
|  85|0x000000070f800000, 0x000000070f800000, 0x000000070fa00000|  0%| F|  |TAMS 0x000000070f800000| PB 0x000000070f800000| Untracked |  0
|  86|0x000000070fa00000, 0x000000070fa00000, 0x000000070fc00000|  0%| F|  |TAMS 0x000000070fa00000| PB 0x000000070fa00000| Untracked |  0
|  87|0x000000070fc00000, 0x000000070fc00000, 0x000000070fe00000|  0%| F|  |TAMS 0x000000070fc00000| PB 0x000000070fc00000| Untracked |  0
|  88|0x000000070fe00000, 0x000000070fe00000, 0x0000000710000000|  0%| F|  |TAMS 0x000000070fe00000| PB 0x000000070fe00000| Untracked |  0
|  89|0x0000000710000000, 0x0000000710000000, 0x0000000710200000|  0%| F|  |TAMS 0x0000000710000000| PB 0x0000000710000000| Untracked |  0
|  90|0x0000000710200000, 0x0000000710200000, 0x0000000710400000|  0%| F|  |TAMS 0x0000000710200000| PB 0x0000000710200000| Untracked |  0
|  91|0x0000000710400000, 0x0000000710400000, 0x0000000710600000|  0%| F|  |TAMS 0x0000000710400000| PB 0x0000000710400000| Untracked |  0
|  92|0x0000000710600000, 0x0000000710600000, 0x0000000710800000|  0%| F|  |TAMS 0x0000000710600000| PB 0x0000000710600000| Untracked |  0
|  93|0x0000000710800000, 0x0000000710800000, 0x0000000710a00000|  0%| F|  |TAMS 0x0000000710800000| PB 0x0000000710800000| Untracked |  0
|  94|0x0000000710a00000, 0x0000000710a00000, 0x0000000710c00000|  0%| F|  |TAMS 0x0000000710a00000| PB 0x0000000710a00000| Untracked |  0
|  95|0x0000000710c00000, 0x0000000710c00000, 0x0000000710e00000|  0%| F|  |TAMS 0x0000000710c00000| PB 0x0000000710c00000| Untracked |  0
|  96|0x0000000710e00000, 0x0000000710e00000, 0x0000000711000000|  0%| F|  |TAMS 0x0000000710e00000| PB 0x0000000710e00000| Untracked |  0
|  97|0x0000000711000000, 0x0000000711000000, 0x0000000711200000|  0%| F|  |TAMS 0x0000000711000000| PB 0x0000000711000000| Untracked |  0
|  98|0x0000000711200000, 0x0000000711200000, 0x0000000711400000|  0%| F|  |TAMS 0x0000000711200000| PB 0x0000000711200000| Untracked |  0
|  99|0x0000000711400000, 0x0000000711400000, 0x0000000711600000|  0%| F|  |TAMS 0x0000000711400000| PB 0x0000000711400000| Untracked |  0
| 100|0x0000000711600000, 0x0000000711600000, 0x0000000711800000|  0%| F|  |TAMS 0x0000000711600000| PB 0x0000000711600000| Untracked |  0
| 101|0x0000000711800000, 0x0000000711800000, 0x0000000711a00000|  0%| F|  |TAMS 0x0000000711800000| PB 0x0000000711800000| Untracked |  0
| 102|0x0000000711a00000, 0x0000000711a00000, 0x0000000711c00000|  0%| F|  |TAMS 0x0000000711a00000| PB 0x0000000711a00000| Untracked |  0
| 103|0x0000000711c00000, 0x0000000711c00000, 0x0000000711e00000|  0%| F|  |TAMS 0x0000000711c00000| PB 0x0000000711c00000| Untracked |  0
| 104|0x0000000711e00000, 0x0000000711e00000, 0x0000000712000000|  0%| F|  |TAMS 0x0000000711e00000| PB 0x0000000711e00000| Untracked |  0
| 105|0x0000000712000000, 0x0000000712000000, 0x0000000712200000|  0%| F|  |TAMS 0x0000000712000000| PB 0x0000000712000000| Untracked |  0
| 106|0x0000000712200000, 0x0000000712200000, 0x0000000712400000|  0%| F|  |TAMS 0x0000000712200000| PB 0x0000000712200000| Untracked |  0
| 107|0x0000000712400000, 0x0000000712400000, 0x0000000712600000|  0%| F|  |TAMS 0x0000000712400000| PB 0x0000000712400000| Untracked |  0
| 108|0x0000000712600000, 0x0000000712600000, 0x0000000712800000|  0%| F|  |TAMS 0x0000000712600000| PB 0x0000000712600000| Untracked |  0
| 109|0x0000000712800000, 0x0000000712800000, 0x0000000712a00000|  0%| F|  |TAMS 0x0000000712800000| PB 0x0000000712800000| Untracked |  0
| 110|0x0000000712a00000, 0x0000000712a00000, 0x0000000712c00000|  0%| F|  |TAMS 0x0000000712a00000| PB 0x0000000712a00000| Untracked |  0
| 111|0x0000000712c00000, 0x0000000712c00000, 0x0000000712e00000|  0%| F|  |TAMS 0x0000000712c00000| PB 0x0000000712c00000| Untracked |  0
| 112|0x0000000712e00000, 0x0000000712e00000, 0x0000000713000000|  0%| F|  |TAMS 0x0000000712e00000| PB 0x0000000712e00000| Untracked |  0
| 113|0x0000000713000000, 0x0000000713000000, 0x0000000713200000|  0%| F|  |TAMS 0x0000000713000000| PB 0x0000000713000000| Untracked |  0
| 114|0x0000000713200000, 0x0000000713200000, 0x0000000713400000|  0%| F|  |TAMS 0x0000000713200000| PB 0x0000000713200000| Untracked |  0
| 115|0x0000000713400000, 0x0000000713400000, 0x0000000713600000|  0%| F|  |TAMS 0x0000000713400000| PB 0x0000000713400000| Untracked |  0
| 116|0x0000000713600000, 0x0000000713600000, 0x0000000713800000|  0%| F|  |TAMS 0x0000000713600000| PB 0x0000000713600000| Untracked |  0
| 117|0x0000000713800000, 0x00000007138f9c38, 0x0000000713a00000| 48%| E|  |TAMS 0x0000000713800000| PB 0x0000000713800000| Complete |  0
| 118|0x0000000713a00000, 0x0000000713c00000, 0x0000000713c00000|100%| E|CS|TAMS 0x0000000713a00000| PB 0x0000000713a00000| Complete |  0
| 119|0x0000000713c00000, 0x0000000713e00000, 0x0000000713e00000|100%| E|CS|TAMS 0x0000000713c00000| PB 0x0000000713c00000| Complete |  0
| 120|0x0000000713e00000, 0x0000000714000000, 0x0000000714000000|100%| E|CS|TAMS 0x0000000713e00000| PB 0x0000000713e00000| Complete |  0
| 121|0x0000000714000000, 0x0000000714200000, 0x0000000714200000|100%| E|CS|TAMS 0x0000000714000000| PB 0x0000000714000000| Complete |  0
| 122|0x0000000714200000, 0x0000000714400000, 0x0000000714400000|100%| E|  |TAMS 0x0000000714200000| PB 0x0000000714200000| Complete |  0
| 123|0x0000000714400000, 0x0000000714600000, 0x0000000714600000|100%| E|CS|TAMS 0x0000000714400000| PB 0x0000000714400000| Complete |  0
| 124|0x0000000714600000, 0x0000000714800000, 0x0000000714800000|100%| E|CS|TAMS 0x0000000714600000| PB 0x0000000714600000| Complete |  0
| 125|0x0000000714800000, 0x0000000714a00000, 0x0000000714a00000|100%| E|CS|TAMS 0x0000000714800000| PB 0x0000000714800000| Complete |  0
|2008|0x00000007ffe00000, 0x00000007fff1d248, 0x0000000800000000| 55%| O|  |TAMS 0x00000007ffe00000| PB 0x00000007ffe00000| Untracked |  0

Card table byte_map: [0x000001a255b40000,0x000001a256320000] _byte_map_base: 0x000001a252319000

Marking Bits: (CMBitMap*) 0x000001a23cf85e70
 Bits: [0x000001a256320000, 0x000001a25a1e8000)

Polling page: 0x000001a23aa60000

Metaspace:

Usage:
  Non-class:      2.67 MB used.
      Class:    220.09 KB used.
       Both:      2.89 MB used.

Virtual space:
  Non-class space:       64.00 MB reserved,       2.75 MB (  4%) committed,  1 nodes.
      Class space:        1.00 GB reserved,     320.00 KB ( <1%) committed,  1 nodes.
             Both:        1.06 GB reserved,       3.06 MB ( <1%) committed. 

Chunk freelists:
   Non-Class:  10.70 MB
       Class:  15.61 MB
        Both:  26.31 MB

MaxMetaspaceSize: unlimited
CompressedClassSpaceSize: 1.00 GB
Initial GC threshold: 21.00 MB
Current GC threshold: 21.00 MB
CDS: on
 - commit_granule_bytes: 65536.
 - commit_granule_words: 8192.
 - virtual_space_node_default_size: 8388608.
 - enlarge_chunks_in_place: 1.
UseCompressedClassPointers 1, UseCompactObjectHeaders 0
Narrow klass pointer bits 32, Max shift 3
Narrow klass base: 0x000001a25e000000, Narrow klass shift: 0
Encoding Range: [0x000001a25e000000 - 0x000001a35e000000), (4294967296 bytes)
Klass Range:    [0x000001a25e000000 - 0x000001a29f000000), (1090519040 bytes)
Klass ID Range:  [8 - 1090519033) (1090519025)


Internal statistics:

num_allocs_failed_limit: 0.
num_arena_births: 54.
num_arena_deaths: 0.
num_vsnodes_births: 2.
num_vsnodes_deaths: 0.
num_space_committed: 49.
num_space_uncommitted: 0.
num_chunks_returned_to_freelist: 0.
num_chunks_taken_from_freelist: 134.
num_chunk_merges: 0.
num_chunk_splits: 84.
num_chunks_enlarged: 55.
num_inconsistent_stats: 0.

CodeHeap 'non-profiled nmethods': size=119232Kb used=267Kb max_used=267Kb free=118964Kb
 bounds [0x000001a24d340000, 0x000001a24d5b0000, 0x000001a2547b0000]
CodeHeap 'profiled nmethods': size=119104Kb used=1309Kb max_used=1309Kb free=117795Kb
 bounds [0x000001a2457b0000, 0x000001a245a20000, 0x000001a24cc00000]
CodeHeap 'non-nmethods': size=7424Kb used=2406Kb max_used=3002Kb free=5017Kb
 bounds [0x000001a24cc00000, 0x000001a24cf00000, 0x000001a24d340000]
CodeCache: size=245760Kb, used=3982Kb, max_used=4578Kb, free=241776Kb
 total_blobs=1382, nmethods=937, adapters=348, full_count=0
Compilation: enabled, stopped_count=0, restarted_count=0

Compilation events (20 events):
Event: 1.474 Thread 0x000001a25d5d4cb0 nmethod 843 0x000001a2458c9e08 code [0x000001a2458c9fa0, 0x000001a2458ca818]
Event: 1.475 Thread 0x000001a25d50d570 nmethod 838 0x000001a24d37d088 code [0x000001a24d37d180, 0x000001a24d37d248]
Event: 1.478 Thread 0x000001a25d6226e0 nmethod 842 0x000001a2458ca888 code [0x000001a2458cab40, 0x000001a2458cbfd8]
Event: 1.480 Thread 0x000001a25d6226e0  844       1       java.util.zip.ZipEntry::getName (5 bytes)
Event: 1.480 Thread 0x000001a25d6226e0 nmethod 844 0x000001a24d37d388 code [0x000001a24d37d480, 0x000001a24d37d548]
Event: 1.483 Thread 0x000001a25d5d4cb0  845       3       java.lang.reflect.Modifier::isPublic (12 bytes)
Event: 1.484 Thread 0x000001a25d5d4cb0 nmethod 845 0x000001a2458cc088 code [0x000001a2458cc1a0, 0x000001a2458cc2d8]
Event: 1.484 Thread 0x000001a25d5d4cb0  846       3       jdk.internal.classfile.impl.SplitConstantPool::classEntry (68 bytes)
Event: 1.484 Thread 0x000001a25d50d570  847       3       jdk.internal.classfile.impl.SplitConstantPool::classEntryForClassOrInterface (111 bytes)
Event: 1.484 Thread 0x000001a25d621b40  848       3       jdk.internal.classfile.impl.SplitConstantPool::tryFindClassOrInterface (138 bytes)
Event: 1.484 Thread 0x000001a25d6226e0  849       1       jdk.internal.classfile.impl.BufWriterImpl::setLabelContext (6 bytes)
Event: 1.485 Thread 0x000001a25d6226e0 nmethod 849 0x000001a24d37d688 code [0x000001a24d37d7a0, 0x000001a24d37d8b8]
Event: 1.485 Thread 0x000001a25d6226e0  850       3       java.lang.invoke.MemberName::isResolved (13 bytes)
Event: 1.485 Thread 0x000001a25d5d4cb0 nmethod 846 0x000001a2458cc388 code [0x000001a2458cc5c0, 0x000001a2458cd4d8]
Event: 1.485 Thread 0x000001a25d6226e0 nmethod 850 0x000001a2458cd588 code [0x000001a2458cd6a0, 0x000001a2458cd800]
Event: 1.485 Thread 0x000001a25d50d570 nmethod 847 0x000001a2458cd888 code [0x000001a2458cdb20, 0x000001a2458cf070]
Event: 1.486 Thread 0x000001a25d621b40 nmethod 848 0x000001a2458cf108 code [0x000001a2458cf380, 0x000001a2458d0940]
Event: 1.489 Thread 0x000001a25d621b40  852       3       java.util.ImmutableCollections$ListN::size (6 bytes)
Event: 1.489 Thread 0x000001a25d621b40 nmethod 852 0x000001a2458d0988 code [0x000001a2458d0aa0, 0x000001a2458d0bb8]
Event: 2.489 Thread 0x000001a2a34435a0  851   !   4       java.nio.DirectByteBuffer::get (34 bytes)

GC Heap History (0 events):
No events

Dll operation events (9 events):
Event: 0.026 Loaded shared library C:\Program Files\Java\jdk-24\bin\java.dll
Event: 0.066 Loaded shared library C:\Program Files\Java\jdk-24\bin\jsvml.dll
Event: 0.226 Loaded shared library C:\Program Files\Java\jdk-24\bin\zip.dll
Event: 0.232 Loaded shared library C:\Program Files\Java\jdk-24\bin\instrument.dll
Event: 0.240 Loaded shared library C:\Program Files\Java\jdk-24\bin\net.dll
Event: 0.243 Loaded shared library C:\Program Files\Java\jdk-24\bin\nio.dll
Event: 0.247 Loaded shared library C:\Program Files\Java\jdk-24\bin\zip.dll
Event: 0.883 Loaded shared library C:\Program Files\Java\jdk-24\bin\extnet.dll
Event: 1.056 Loaded shared library C:\Program Files\Java\jdk-24\bin\jimage.dll

Deoptimization events (20 events):
Event: 1.069 Thread 0x000001a23cf1cb30 Uncommon trap: trap_request=0xffffff4d fr.pc=0x000001a24d356bdc relative=0x000000000000005c
Event: 1.069 Thread 0x000001a23cf1cb30 Uncommon trap: reason=unstable_if action=reinterpret pc=0x000001a24d356bdc method=java.io.WinNTFileSystem.isSlash(C)Z @ 9 c2
Event: 1.069 Thread 0x000001a23cf1cb30 DEOPT PACKING pc=0x000001a24d356bdc sp=0x00000042557fdbb0
Event: 1.069 Thread 0x000001a23cf1cb30 DEOPT UNPACKING pc=0x000001a24cd16382 sp=0x00000042557fdb38 mode 2
Event: 1.075 Thread 0x000001a23cf1cb30 DEOPT PACKING pc=0x000001a2457e5c78 sp=0x00000042557fd130
Event: 1.075 Thread 0x000001a23cf1cb30 DEOPT UNPACKING pc=0x000001a24cc55722 sp=0x00000042557fc5c0 mode 0
Event: 1.080 Thread 0x000001a23cf1cb30 DEOPT PACKING pc=0x000001a2457e5c78 sp=0x00000042557f9a60
Event: 1.080 Thread 0x000001a23cf1cb30 DEOPT UNPACKING pc=0x000001a24cc55722 sp=0x00000042557f8ef0 mode 0
Event: 1.285 Thread 0x000001a23cf1cb30 Uncommon trap: trap_request=0xffffff4d fr.pc=0x000001a24d3525f8 relative=0x0000000000000078
Event: 1.285 Thread 0x000001a23cf1cb30 Uncommon trap: reason=unstable_if action=reinterpret pc=0x000001a24d3525f8 method=jdk.internal.misc.Unsafe.convEndian(ZS)S @ 4 c2
Event: 1.285 Thread 0x000001a23cf1cb30 DEOPT PACKING pc=0x000001a24d3525f8 sp=0x00000042557fcdd0
Event: 1.285 Thread 0x000001a23cf1cb30 DEOPT UNPACKING pc=0x000001a24cd16382 sp=0x00000042557fcd00 mode 2
Event: 1.288 Thread 0x000001a23cf1cb30 DEOPT PACKING pc=0x000001a2457e1bb0 sp=0x00000042557fcf80
Event: 1.288 Thread 0x000001a23cf1cb30 DEOPT UNPACKING pc=0x000001a24cc55722 sp=0x00000042557fc3b8 mode 0
Event: 1.344 Thread 0x000001a23cf1cb30 DEOPT PACKING pc=0x000001a24582c579 sp=0x00000042557fc4c0
Event: 1.344 Thread 0x000001a23cf1cb30 DEOPT UNPACKING pc=0x000001a24cc55722 sp=0x00000042557fb910 mode 0
Event: 1.440 Thread 0x000001a23cf1cb30 Uncommon trap: trap_request=0xffffff45 fr.pc=0x000001a24d35be20 relative=0x0000000000000720
Event: 1.440 Thread 0x000001a23cf1cb30 Uncommon trap: reason=unstable_fused_if action=reinterpret pc=0x000001a24d35be20 method=java.util.HashMap.resize()[Ljava/util/HashMap$Node; @ 31 c2
Event: 1.440 Thread 0x000001a23cf1cb30 DEOPT PACKING pc=0x000001a24d35be20 sp=0x00000042557fdef0
Event: 1.440 Thread 0x000001a23cf1cb30 DEOPT UNPACKING pc=0x000001a24cd16382 sp=0x00000042557fde48 mode 2

Classes loaded (20 events):
Event: 1.308 Loading class java/time/Year
Event: 1.309 Loading class java/time/Year done
Event: 1.317 Loading class java/util/concurrent/atomic/AtomicReference
Event: 1.318 Loading class java/util/concurrent/atomic/AtomicReference done
Event: 1.333 Loading class java/lang/NumberFormatException
Event: 1.333 Loading class java/lang/NumberFormatException done
Event: 1.350 Loading class java/lang/InterruptedException
Event: 1.350 Loading class java/lang/InterruptedException done
Event: 1.350 Loading class java/util/concurrent/TimeoutException
Event: 1.350 Loading class java/util/concurrent/TimeoutException done
Event: 1.386 Loading class java/lang/IllegalAccessError
Event: 1.386 Loading class java/lang/IllegalAccessError done
Event: 1.425 Loading class java/util/IdentityHashMap$EntrySet
Event: 1.436 Loading class java/util/IdentityHashMap$EntrySet done
Event: 1.436 Loading class java/util/IdentityHashMap$EntryIterator
Event: 1.437 Loading class java/util/IdentityHashMap$EntryIterator done
Event: 1.437 Loading class java/util/IdentityHashMap$EntryIterator$Entry
Event: 1.438 Loading class java/util/IdentityHashMap$EntryIterator$Entry done
Event: 1.438 Loading class java/util/IdentityHashMap$ValueIterator
Event: 1.438 Loading class java/util/IdentityHashMap$ValueIterator done

Classes unloaded (0 events):
No events

Classes redefined (0 events):
No events

Internal exceptions (7 events):
Event: 0.811 Thread 0x000001a23cf1cb30 Exception <a 'java/lang/NoSuchMethodError'{0x000000071419d4a0}: 'void java.lang.invoke.DirectMethodHandle$Holder.invokeStatic(java.lang.Object, java.lang.Object, java.lang.Object)'> (0x000000071419d4a0) 
thrown [s\open\src\hotspot\share\interpreter\linkResolver.cpp, line 805]
Event: 0.826 Thread 0x000001a23cf1cb30 Exception <a 'java/lang/NoSuchMethodError'{0x00000007141d3670}: 'java.lang.Object java.lang.invoke.Invokers$Holder.invokeExact_MT(java.lang.Object, java.lang.Object, java.lang.Object, java.lang.Object, java.lang.Object)'> (0x00000007141d3670) 
thrown [s\open\src\hotspot\share\interpreter\linkResolver.cpp, line 805]
Event: 0.874 Thread 0x000001a2a30c5d50 Exception <a 'java/lang/NoSuchMethodError'{0x0000000713e05220}: 'java.lang.Object java.lang.invoke.DirectMethodHandle$Holder.invokeStaticInit(java.lang.Object)'> (0x0000000713e05220) 
thrown [s\open\src\hotspot\share\interpreter\linkResolver.cpp, line 805]
Event: 0.887 Thread 0x000001a2a30c5d50 Exception <a 'java/lang/NoSuchMethodError'{0x0000000713e0fe28}: 'void java.lang.invoke.DirectMethodHandle$Holder.invokeStatic(java.lang.Object, java.lang.Object)'> (0x0000000713e0fe28) 
thrown [s\open\src\hotspot\share\interpreter\linkResolver.cpp, line 805]
Event: 1.203 Thread 0x000001a23cf1cb30 Exception <a 'java/lang/NoSuchMethodError'{0x0000000713c84228}: 'java.lang.Object java.lang.invoke.DelegatingMethodHandle$Holder.reinvoke_L(java.lang.Object, java.lang.Object, java.lang.Object, long, java.lang.Object)'> (0x0000000713c84228) 
thrown [s\open\src\hotspot\share\interpreter\linkResolver.cpp, line 805]
Event: 1.206 Thread 0x000001a23cf1cb30 Exception <a 'java/lang/NoSuchMethodError'{0x0000000713c94820}: 'java.lang.Object java.lang.invoke.Invokers$Holder.linkToTargetMethod(java.lang.Object, long, java.lang.Object, java.lang.Object)'> (0x0000000713c94820) 
thrown [s\open\src\hotspot\share\interpreter\linkResolver.cpp, line 805]
Event: 1.453 Thread 0x000001a23cf1cb30 Exception <a 'java/lang/NoSuchMethodError'{0x0000000713a4e640}: 'void java.lang.invoke.DirectMethodHandle$Holder.invokeStatic(java.lang.Object, java.lang.Object, java.lang.Object, java.lang.Object)'> (0x0000000713a4e640) 
thrown [s\open\src\hotspot\share\interpreter\linkResolver.cpp, line 805]

VM Operations (4 events):
Event: 1.048 Executing VM operation: HandshakeAllThreads (Deoptimize)
Event: 1.048 Executing VM operation: HandshakeAllThreads (Deoptimize) done
Event: 1.069 Executing VM operation: HandshakeAllThreads (Deoptimize)
Event: 1.069 Executing VM operation: HandshakeAllThreads (Deoptimize) done

Memory protections (0 events):
No events

Nmethod flushes (0 events):
No events

Events (18 events):
Event: 0.047 Thread 0x000001a23cf1cb30 Thread added: 0x000001a23cf1cb30
Event: 0.061 Thread 0x000001a23cf1cb30 Thread added: 0x000001a25d4f43e0
Event: 0.062 Thread 0x000001a23cf1cb30 Thread added: 0x000001a25d4f4b20
Event: 0.062 Thread 0x000001a23cf1cb30 Thread added: 0x000001a25d4f5870
Event: 0.062 Thread 0x000001a23cf1cb30 Thread added: 0x000001a25d4f8130
Event: 0.062 Thread 0x000001a23cf1cb30 Thread added: 0x000001a25d4fdeb0
Event: 0.062 Thread 0x000001a23cf1cb30 Thread added: 0x000001a25d506600
Event: 0.062 Thread 0x000001a23cf1cb30 Thread added: 0x000001a25d507500
Event: 0.063 Thread 0x000001a23cf1cb30 Thread added: 0x000001a25d50d570
Event: 0.202 Thread 0x000001a25d50d570 Thread added: 0x000001a25d5d4cb0
Event: 0.204 Thread 0x000001a25d50d570 Thread added: 0x000001a25d621b40
Event: 0.204 Thread 0x000001a25d50d570 Thread added: 0x000001a25d6226e0
Event: 0.214 Thread 0x000001a25d6226e0 Thread added: 0x000001a25d66be60
Event: 0.236 Thread 0x000001a23cf1cb30 Thread added: 0x000001a25d7b8ad0
Event: 0.554 Thread 0x000001a25d66be60 Thread exited: 0x000001a25d66be60
Event: 0.840 Thread 0x000001a23cf1cb30 Thread added: 0x000001a2a30c5d50
Event: 0.840 Thread 0x000001a23cf1cb30 Thread added: 0x000001a2a30c6490
Event: 1.300 Thread 0x000001a25d621b40 Thread added: 0x000001a2a34435a0


Dynamic libraries:
0x00007ff74c940000 - 0x00007ff74c950000 	C:\Program Files\Java\jdk-24\bin\java.exe
0x00007ffc80c40000 - 0x00007ffc80ea7000 	C:\WINDOWS\SYSTEM32\ntdll.dll
0x00007ffc7f3b0000 - 0x00007ffc7f479000 	C:\WINDOWS\System32\KERNEL32.DLL
0x00007ffc7d5c0000 - 0x00007ffc7d9b4000 	C:\WINDOWS\System32\KERNELBASE.dll
0x00007ffc7db30000 - 0x00007ffc7dc7b000 	C:\WINDOWS\System32\ucrtbase.dll
0x00007ffc780f0000 - 0x00007ffc78106000 	C:\Program Files\Java\jdk-24\bin\jli.dll
0x00007ffc6f1c0000 - 0x00007ffc6f1db000 	C:\Program Files\Java\jdk-24\bin\VCRUNTIME140.dll
0x00007ffc7eb40000 - 0x00007ffc7ed05000 	C:\WINDOWS\System32\USER32.dll
0x00007ffc5e860000 - 0x00007ffc5eaf3000 	C:\WINDOWS\WinSxS\amd64_microsoft.windows.common-controls_6595b64144ccf1df_6.0.26100.8115_none_3e075c82e3354f9c\COMCTL32.dll
0x00007ffc7dc80000 - 0x00007ffc7dca7000 	C:\WINDOWS\System32\win32u.dll
0x00007ffc7f170000 - 0x00007ffc7f19b000 	C:\WINDOWS\System32\GDI32.dll
0x00007ffc7dd40000 - 0x00007ffc7de6b000 	C:\WINDOWS\System32\gdi32full.dll
0x00007ffc7d510000 - 0x00007ffc7d5b3000 	C:\WINDOWS\System32\msvcp_win.dll
0x00007ffc801b0000 - 0x00007ffc80259000 	C:\WINDOWS\System32\msvcrt.dll
0x00007ffc7ed10000 - 0x00007ffc7ed42000 	C:\WINDOWS\System32\IMM32.DLL
0x00007ffc78140000 - 0x00007ffc7814c000 	C:\Program Files\Java\jdk-24\bin\vcruntime140_1.dll
0x00007ffc3ca10000 - 0x00007ffc3ca9e000 	C:\Program Files\Java\jdk-24\bin\msvcp140.dll
0x00007ffb98600000 - 0x00007ffb993a1000 	C:\Program Files\Java\jdk-24\bin\server\jvm.dll
0x00007ffc80260000 - 0x00007ffc80316000 	C:\WINDOWS\System32\ADVAPI32.dll
0x00007ffc803e0000 - 0x00007ffc80487000 	C:\WINDOWS\System32\sechost.dll
0x00007ffc7f1a0000 - 0x00007ffc7f2b8000 	C:\WINDOWS\System32\RPCRT4.dll
0x00007ffc7ea50000 - 0x00007ffc7ead0000 	C:\WINDOWS\System32\WS2_32.dll
0x00007ffc74c60000 - 0x00007ffc74c6b000 	C:\WINDOWS\SYSTEM32\VERSION.dll
0x00007ffc7d370000 - 0x00007ffc7d3ce000 	C:\WINDOWS\SYSTEM32\POWRPROF.dll
0x00007ffc77390000 - 0x00007ffc773c6000 	C:\WINDOWS\SYSTEM32\WINMM.dll
0x00007ffc7d350000 - 0x00007ffc7d364000 	C:\WINDOWS\SYSTEM32\UMPDC.dll
0x00007ffc7c260000 - 0x00007ffc7c27b000 	C:\WINDOWS\SYSTEM32\kernel.appcore.dll
0x00007ffc6f390000 - 0x00007ffc6f39a000 	C:\Program Files\Java\jdk-24\bin\jimage.dll
0x00007ffc7b340000 - 0x00007ffc7b582000 	C:\WINDOWS\SYSTEM32\DBGHELP.DLL
0x00007ffc7ede0000 - 0x00007ffc7f162000 	C:\WINDOWS\System32\combase.dll
0x00007ffc7f2d0000 - 0x00007ffc7f3a8000 	C:\WINDOWS\System32\OLEAUT32.dll
0x00007ffc5af40000 - 0x00007ffc5af7b000 	C:\WINDOWS\SYSTEM32\dbgcore.DLL
0x00007ffc7e920000 - 0x00007ffc7e9c5000 	C:\WINDOWS\System32\bcryptPrimitives.dll
0x00007ffc6f330000 - 0x00007ffc6f33f000 	C:\Program Files\Java\jdk-24\bin\instrument.dll
0x00007ffc6f150000 - 0x00007ffc6f16e000 	C:\Program Files\Java\jdk-24\bin\java.dll
0x00007ffc7fff0000 - 0x00007ffc80187000 	C:\WINDOWS\System32\ole32.dll
0x00007ffc80490000 - 0x00007ffc80bf7000 	C:\WINDOWS\System32\SHELL32.dll
0x00007ffc7d9c0000 - 0x00007ffc7db2a000 	C:\WINDOWS\System32\wintypes.dll
0x00007ffc7de70000 - 0x00007ffc7e6d8000 	C:\WINDOWS\System32\windows.storage.dll
0x00007ffc7f480000 - 0x00007ffc7f578000 	C:\WINDOWS\System32\SHCORE.dll
0x00007ffc7e9d0000 - 0x00007ffc7ea36000 	C:\WINDOWS\System32\shlwapi.dll
0x00007ffc7d430000 - 0x00007ffc7d459000 	C:\WINDOWS\SYSTEM32\profapi.dll
0x00007ffc22a30000 - 0x00007ffc22b07000 	C:\Program Files\Java\jdk-24\bin\jsvml.dll
0x00007ffc6f110000 - 0x00007ffc6f127000 	C:\Program Files\Java\jdk-24\bin\zip.dll
0x00007ffc6f100000 - 0x00007ffc6f110000 	C:\Program Files\Java\jdk-24\bin\net.dll
0x00007ffc7c7b0000 - 0x00007ffc7c81c000 	C:\WINDOWS\system32\mswsock.dll
0x00007ffc6f0c0000 - 0x00007ffc6f0d6000 	C:\Program Files\Java\jdk-24\bin\nio.dll
0x00007ffc6f0b0000 - 0x00007ffc6f0b9000 	C:\Program Files\Java\jdk-24\bin\extnet.dll

JVMTI agents:
C:\Program Files\JetBrains\IntelliJ IDEA 2025.2.2\lib\idea_rt.jar path:C:\Program Files\Java\jdk-24\bin\instrument.dll, loaded, initialized, instrumentlib options:62237

dbghelp: loaded successfully - version: 4.0.5 - missing functions: none
symbol engine: initialized successfully - sym options: 0x614 - pdb path: .;C:\Program Files\Java\jdk-24\bin;C:\WINDOWS\SYSTEM32;C:\WINDOWS\WinSxS\amd64_microsoft.windows.common-controls_6595b64144ccf1df_6.0.26100.8115_none_3e075c82e3354f9c;C:\Program Files\Java\jdk-24\bin\server

VM Arguments:
jvm_args: -javaagent:C:\Program Files\JetBrains\IntelliJ IDEA 2025.2.2\lib\idea_rt.jar=62237 -Dfile.encoding=UTF-8 -Dsun.stdout.encoding=UTF-8 -Dsun.stderr.encoding=UTF-8 
java_command: com.gabrielbl.healthaplication.HealthApplication
java_class_path (initial): C:\Users\gabri\Desktop\projetoQuestionario\healthapplication-Backend2\target\classes;C:\Users\gabri\.m2\repository\org\springframework\boot\spring-boot-starter-web\3.5.5\spring-boot-starter-web-3.5.5.jar;C:\Users\gabri\.m2\repository\org\springframework\boot\spring-boot-starter\3.5.5\spring-boot-starter-3.5.5.jar;C:\Users\gabri\.m2\repository\org\springframework\boot\spring-boot-starter-logging\3.5.5\spring-boot-starter-logging-3.5.5.jar;C:\Users\gabri\.m2\repository\ch\qos\logback\logback-classic\1.5.18\logback-classic-1.5.18.jar;C:\Users\gabri\.m2\repository\ch\qos\logback\logback-core\1.5.18\logback-core-1.5.18.jar;C:\Users\gabri\.m2\repository\org\apache\logging\log4j\log4j-to-slf4j\2.24.3\log4j-to-slf4j-2.24.3.jar;C:\Users\gabri\.m2\repository\org\apache\logging\log4j\log4j-api\2.24.3\log4j-api-2.24.3.jar;C:\Users\gabri\.m2\repository\org\slf4j\jul-to-slf4j\2.0.17\jul-to-slf4j-2.0.17.jar;C:\Users\gabri\.m2\repository\jakarta\annotation\jakarta.annotation-api\2.1.1\jakarta.annotation-api-2.1.1.jar;C:\Users\gabri\.m2\repository\org\yaml\snakeyaml\2.4\snakeyaml-2.4.jar;C:\Users\gabri\.m2\repository\org\springframework\boot\spring-boot-starter-json\3.5.5\spring-boot-starter-json-3.5.5.jar;C:\Users\gabri\.m2\repository\com\fasterxml\jackson\datatype\jackson-datatype-jdk8\2.19.2\jackson-datatype-jdk8-2.19.2.jar;C:\Users\gabri\.m2\repository\com\fasterxml\jackson\module\jackson-module-parameter-names\2.19.2\jackson-module-parameter-names-2.19.2.jar;C:\Users\gabri\.m2\repository\org\springframework\boot\spring-boot-starter-tomcat\3.5.5\spring-boot-starter-tomcat-3.5.5.jar;C:\Users\gabri\.m2\repository\org\apache\tomcat\embed\tomcat-embed-core\10.1.44\tomcat-embed-core-10.1.44.jar;C:\Users\gabri\.m2\repository\org\apache\tomcat\embed\tomcat-embed-el\10.1.44\tomcat-embed-el-10.1.44.jar;C:\Users\gabri\.m2\repository\org\apache\tomcat\embed\tomcat-embed-websocket\10.1.44\tomcat-embed-websocket-10.1.44.jar;C:\Users\gabri\.m2\repository\org\springframework\spring-web\6.2.10\spring-web-6.2.10.jar;C:\Users\gabri\.m2\repository\org\springframework\spring-beans\6.2.10\spring-beans-6.2.10.jar;C:\Users\gabri\.m2\repository\io\micrometer\micrometer-observation\1.15.3\micrometer-observation-1.15.3.jar;C:\Users\gabri\.m2\repository\io\micrometer\micrometer-commons\1.15.3\micrometer-commons-1.15.3.jar;C:\Users\gabri\.m2\repository\org\springframework\spring-webmvc\6.2.10\spring-webmvc-6.2.10.jar;C:\Users\gabri\.m2\repository\org\springframework\spring-context\6.2.10\spring-context-6.2.10.jar;C:\Users\gabri\.m2\repository\org\springframework\spring-expression\6.2.10\spring-expression-6.2.10.jar;C:\Users\gabri\.m2\repository\javax\validation\validation-api\1.1.0.Final\validation-api-1.1.0.Final.jar;C:\Users\gabri\.m2\repository\org\hibernate\validator\hibernate-validator\8.0.0.Final\hibernate-validator-8.0.0.Final.jar;C:\Users\gabri\.m2\repository\jakarta\validation\jakarta.validation-api\3.0.2\jakarta.validation-api-3.0.2.jar;C:\Users\gabri\.m2\repository\org\jboss\logging\jboss-logging\3.6.1.Final\jboss-logging-3.6.1.Final.jar;C:\Users\gabri\.m2\repository\com\fasterxml\classmate\1.7.0\classmate-1.7.0.jar;C:\Users\gabri\.m2\repository\com\fasterxml\jackson\datatype\jackson-datatype-jsr310\2.19.2\jackson-datatype-jsr310-2.19.2.jar;C:\Users\gabri\.m2\repository\com\fasterxml\jackson\core\jackson-annotations\2.19.2\jackson-annotations-2.19.2.jar;C:\Users\gabri\.m2\repository\com\fasterxml\jackson\core\jackson-core\2.19.2\jackson-core-2.19.2.jar;C:\Users\gabri\.m2\repository\com\fasterxml\jackson\core\jackson-databind\2.19.2\jackson-databind-2.19.2.jar;C:\Users\gabri\.m2\repository\org\springframework\boot\spring-boot-devtools\3.5.5\spring-boot-devtools-3.5.5.jar;C:\Users\gabri\.m2\repository\org\springframework\boot\spring-boot\3.5.5\spring-boot-3.5.5.jar;C:\Users\gabri\.m2\repository\org\springframework\boot\spring-boot-autoconfigure\3.5.5\spring-boot-autoconfigure-3.5.5.jar;C:\Users\gabri\.m2\repository\org\projectlombok\lombok\1.18.38\lombok-1.18.38.jar;C:\Users\gabri\.m2\repository\org\springframework\boot\spring-boot-starter-security\3.5.5\spring-boot-starter-security-3.5.5.jar;C:\Users\gabri\.m2\repository\org\springframework\spring-aop\6.2.10\spring-aop-6.2.10.jar;C:\Users\gabri\.m2\repository\org\springframework\security\spring-security-config\6.5.3\spring-security-config-6.5.3.jar;C:\Users\gabri\.m2\repository\org\springframework\security\spring-security-web\6.5.3\spring-security-web-6.5.3.jar;C:\Users\gabri\.m2\repository\org\slf4j\slf4j-api\2.0.17\slf4j-api-2.0.17.jar;C:\Users\gabri\.m2\repository\jakarta\xml\bind\jakarta.xml.bind-api\4.0.2\jakarta.xml.bind-api-4.0.2.jar;C:\Users\gabri\.m2\repository\jakarta\activation\jakarta.activation-api\2.1.3\jakarta.activation-api-2.1.3.jar;C:\Users\gabri\.m2\repository\net\bytebuddy\byte-buddy\1.17.7\byte-buddy-1.17.7.jar;C:\Users\gabri\.m2\repository\org\springframework\spring-core\6.2.10\spring-core-6.2.10.jar;C:\Users\gabri\.m2\repository\org\springframework\spring-jcl\6.2.10\spring-jcl-6.2.10.jar;C:\Users\gabri\.m2\repository\org\springframework\security\spring-security-core\6.5.3\spring-security-core-6.5.3.jar;C:\Users\gabri\.m2\repository\org\springframework\security\spring-security-crypto\6.5.3\spring-security-crypto-6.5.3.jar;C:\Users\gabri\.m2\repository\org\springframework\boot\spring-boot-starter-data-jpa\3.5.5\spring-boot-starter-data-jpa-3.5.5.jar;C:\Users\gabri\.m2\repository\org\springframework\boot\spring-boot-starter-jdbc\3.5.5\spring-boot-starter-jdbc-3.5.5.jar;C:\Users\gabri\.m2\repository\com\zaxxer\HikariCP\6.3.2\HikariCP-6.3.2.jar;C:\Users\gabri\.m2\repository\org\springframework\spring-jdbc\6.2.10\spring-jdbc-6.2.10.jar;C:\Users\gabri\.m2\repository\org\hibernate\orm\hibernate-core\6.6.26.Final\hibernate-core-6.6.26.Final.jar;C:\Users\gabri\.m2\repository\jakarta\persistence\jakarta.persistence-api\3.1.0\jakarta.persistence-api-3.1.0.jar;C:\Users\gabri\.m2\repository\jakarta\transaction\jakarta.transaction-api\2.0.1\jakarta.transaction-api-2.0.1.jar;C:\Users\gabri\.m2\repository\org\hibernate\common\hibernate-commons-annotations\7.0.3.Final\hibernate-commons-annotations-7.0.3.Final.jar;C:\Users\gabri\.m2\repository\io\smallrye\jandex\3.2.0\jandex-3.2.0.jar;C:\Users\gabri\.m2\repository\org\glassfish\jaxb\jaxb-runtime\4.0.5\jaxb-runtime-4.0.5.jar;C:\Users\gabri\.m2\repository\org\glassfish\jaxb\jaxb-core\4.0.5\jaxb-core-4.0.5.jar;C:\Users\gabri\.m2\repository\org\glassfish\jaxb\txw2\4.0.5\txw2-4.0.5.jar;C:\Users\gabri\.m2\repository\com\sun\istack\istack-commons-runtime\4.1.2\istack-commons-runtime-4.1.2.jar;C:\Users\gabri\.m2\repository\jakarta\inject\jakarta.inject-api\2.0.1\jakarta.inject-api-2.0.1.jar;C:\Users\gabri\.m2\repository\org\antlr\antlr4-runtime\4.13.0\antlr4-runtime-4.13.0.jar;C:\Users\gabri\.m2\repository\org\springframework\data\spring-data-jpa\3.5.3\spring-data-jpa-3.5.3.jar;C:\Users\gabri\.m2\repository\org\springframework\data\spring-data-commons\3.5.3\spring-data-commons-3.5.3.jar;C:\Users\gabri\.m2\repository\org\springframework\spring-orm\6.2.10\spring-orm-6.2.10.jar;C:\Users\gabri\.m2\repository\org\springframework\spring-tx\6.2.10\spring-tx-6.2.10.jar;C:\Users\gabri\.m2\repository\org\springframework\spring-aspects\6.2.10\spring-aspects-6.2.10.jar;C:\Users\gabri\.m2\repository\org\aspectj\aspectjweaver\1.9.24\aspectjweaver-1.9.24.jar;C:\Users\gabri\.m2\repository\org\postgresql\postgresql\42.7.7\postgresql-42.7.7.jar;C:\Users\gabri\.m2\repository\org\checkerframework\checker-qual\3.49.3\checker-qual-3.49.3.jar;C:\Users\gabri\.m2\repository\com\auth0\java-jwt\4.4.0\java-jwt-4.4.0.jar;C:\Users\gabri\.m2\repository\org\springframework\boot\spring-boot-starter-mail\3.5.5\spring-boot-starter-mail-3.5.5.jar;C:\Users\gabri\.m2\repository\org\springframework\spring-context-support\6.2.10\spring-context-support-6.2.10.jar;C:\Users\gabri\.m2\repository\org\eclipse\angus\jakarta.mail\2.0.4\jakarta.mail-2.0.4.jar;C:\Users\gabri\.m2\repository\org\eclipse\angus\angus-activation\2.0.2\angus-activation-2.0.2.jar
Launcher Type: SUN_STANDARD

[Global flags]
     intx CICompilerCount                          = 12                                        {product} {ergonomic}
     uint ConcGCThreads                            = 4                                         {product} {ergonomic}
     uint G1ConcRefinementThreads                  = 15                                        {product} {ergonomic}
   size_t G1HeapRegionSize                         = 2097152                                   {product} {ergonomic}
   size_t InitialHeapSize                          = 264241152                                 {product} {ergonomic}
   size_t MarkStackSize                            = 4194304                                   {product} {ergonomic}
   size_t MarkStackSizeMax                         = 536870912                                 {product} {ergonomic}
   size_t MaxHeapSize                              = 4213178368                                {product} {ergonomic}
   size_t MaxNewSize                               = 2527068160                                {product} {ergonomic}
   size_t MinHeapDeltaBytes                        = 2097152                                   {product} {ergonomic}
   size_t MinHeapSize                              = 8388608                                   {product} {ergonomic}
    uintx NonNMethodCodeHeapSize                   = 7602176                                {pd product} {ergonomic}
    uintx NonProfiledCodeHeapSize                  = 122093568                              {pd product} {ergonomic}
    uintx ProfiledCodeHeapSize                     = 121962496                              {pd product} {ergonomic}
    uintx ReservedCodeCacheSize                    = 251658240                              {pd product} {ergonomic}
     bool SegmentedCodeCache                       = true                                      {product} {ergonomic}
   size_t SoftMaxHeapSize                          = 4213178368                             {manageable} {ergonomic}
     bool UseCompressedOops                        = true                           {product lp64_product} {ergonomic}
     bool UseG1GC                                  = true                                      {product} {ergonomic}
     bool UseLargePagesIndividualAllocation        = false                                  {pd product} {ergonomic}

Logging:
Log output configuration:
 #0: stdout all=warning uptime,level,tags foldmultilines=false
 #1: stderr all=off uptime,level,tags foldmultilines=false

Environment Variables:
PATH=C:\Python313\Scripts\;C:\Python313\;C:\Program Files (x86)\Embarcadero\Studio\23.0\bin;C:\Users\Public\Documents\Embarcadero\Studio\23.0\Bpl;C:\Program Files (x86)\Embarcadero\Studio\23.0\bin64;C:\Users\Public\Documents\Embarcadero\Studio\23.0\Bpl\Win64;C:\Program Files\Common Files\Oracle\Java\javapath;C:\Program Files (x86)\Common Files\Oracle\Java\java8path;C:\Program Files (x86)\Common Files\Oracle\Java\javapath;C:\Windows\system32;C:\Windows;C:\Windows\System32\Wbem;C:\Windows\System32\WindowsPowerShell\v1.0\;C:\Windows\System32\OpenSSH\;C:\Program Files\dotnet\;C:\Program Files\NVIDIA Corporation\NVIDIA NvDLISR;C:\Program Files (x86)\NVIDIA Corporation\PhysX\Common;C:\php-8.2.9;C:\dart-sdk\flutter\bin;C:\Program Files (x86)\Windows Kits\10\Windows Performance Toolkit\;C:\Program Files\Boss;C:\Program Files\nodejs\;C:\ProgramData\chocolatey\bin;C:\Program Files\Git\cmd;C:\Program Files\Apache\Maven\apache-maven-3.9.11\bin;%SystemRoot%\system32;%SystemRoot%;%SystemRoot%\System32\Wbem;%SYSTEMROOT%\System32\WindowsPowerShell\v1.0\;%SYSTEMROOT%\System32\OpenSSH\;C:\Users\gabri\AppData\Local\Microsoft\WindowsApps;C:\Users\gabri\AppData\Local\Programs\Microsoft VS Code\bin;C:\Users\gabri\.dotnet\tools;C:\dart-sdk\flutter\bin;C:\sqlite;C:\Users\gabri\.boss\env\dcp;C:\Users\gabri\.boss\env\dcu;C:\Users\gabri\.boss\env\bpl;C:\Users\gabri\.boss\modules\.bin;.\modules\.bin;C:\Program Files\Boss;C:\Users\gabri\AppData\Local\Android\Sdk;C:\Users\gabri\AppData\Local\Android\Sdk\platform-tools;C:\Users\gabri\AppData\Roaming\npm;C:\Program Files\JetBrains\IntelliJ IDEA 2025.2.2\bin;
USERNAME=gabri
OS=Windows_NT
PROCESSOR_IDENTIFIER=Intel64 Family 6 Model 154 Stepping 3, GenuineIntel
TMP=C:\Users\gabri\AppData\Local\Temp
TEMP=C:\Users\gabri\AppData\Local\Temp




Periodic native trim disabled

---------------  S Y S T E M  ---------------

OS:
 Windows 11 , 64 bit Build 26100 (10.0.26100.8246)
OS uptime: 3 days 7:11 hours
Hyper-V role detected

CPU: total 20 (initial active 20) (10 cores per cpu, 2 threads per core) family 6 model 154 stepping 3 microcode 0x43b, cx8, cmov, fxsr, ht, mmx, 3dnowpref, sse, sse2, sse3, ssse3, sse4.1, sse4.2, popcnt, lzcnt, tsc, tscinvbit, avx, avx2, aes, erms, clmul, bmi1, bmi2, adx, sha, fma, vzeroupper, clflush, clflushopt, clwb, hv, serialize, rdtscp, rdpid, fsrm, gfni, f16c, cet_ibt, cet_ss
Processor Information for the first 20 processors :
  Max Mhz: 2300, Current Mhz: 2300, Mhz Limit: 2300

Memory: 4k page, system-wide physical 16068M (875M free)
TotalPageFile size 65220M (AvailPageFile size 74M)
current process WorkingSet (physical memory assigned to process): 71M, peak: 71M
current process commit charge ("private bytes"): 370M, peak: 371M

vm_info: Java HotSpot(TM) 64-Bit Server VM (24.0.2+12-54) for windows-amd64 JRE (24.0.2+12-54), built on 2025-07-08T12:10:27Z with MS VC++ 17.6 (VS2022)

END.
